256204 268114
11910
step 0 (train): 3.46392560005188
step 0 (dev):   3.5702602863311768
step 1000 (train): 4.132612243175506
step 1000 (dev):   5.3751916553974155
Saving new best model!
step 2000 (train): 3.057949372291565
step 2000 (dev):   4.686523292660713
Saving new best model!
step 3000 (train): 2.6512477806806563
step 3000 (dev):   4.47451416015625
step 4000 (train): 2.3746639862060546
step 4000 (dev):   4.418857758402824
Saving new best model!
step 5000 (train): 2.1715793283581735
step 5000 (dev):   4.2967318578958515
step 6000 (train): 2.007987538576126
step 6000 (dev):   4.212989188671112
step 7000 (train): 1.8599340284466743
step 7000 (dev):   4.0801422328948975
step 8000 (train): 1.753104670226574
step 8000 (dev):   4.137845951914787
step 9000 (train): 1.6388532306551933
step 9000 (dev):   4.070212922692299
step 10000 (train): 1.5381484312415123
step 10000 (dev):   4.005094461917877
step 11000 (train): 1.468855607688427
step 11000 (dev):   3.9156001749038696
step 12000 (train): 1.3850919679999352
step 12000 (dev):   3.873537095665932
step 13000 (train): 1.3169330446720122
step 13000 (dev):   3.7776533686518667
step 14000 (train): 1.2550953472554685
step 14000 (dev):   3.895302599787712
step 15000 (train): 1.1803012199699878
step 15000 (dev):   3.873711072564125
Saving new best model!
step 16000 (train): 1.140754258275032
step 16000 (dev):   3.805389044880867
step 17000 (train): 1.090345108628273
step 17000 (dev):   3.773788184940815
step 18000 (train): 1.0411806040406226
step 18000 (dev):   3.856209791302681
step 19000 (train): 0.9947214690446854
step 19000 (dev):   3.775853676915169
step 20000 (train): 0.9572610222399235
step 20000 (dev):   3.899634153306484
Saving new best model!
step 21000 (train): 0.9042962248027324
step 21000 (dev):   3.83160061776638
step 22000 (train): 0.8888211625516415
step 22000 (dev):   3.827327754497528
step 23000 (train): 0.8382339965701103
step 23000 (dev):   3.930480850994587
step 24000 (train): 0.8193972535729408
step 24000 (dev):   3.895235558509827
step 25000 (train): 0.776846347361803
step 25000 (dev):   3.895869082510471
step 26000 (train): 0.7502989758551121
step 26000 (dev):   3.9242873775959013
step 27000 (train): 0.7112609564214945
step 27000 (dev):   3.976254781007767
step 28000 (train): 0.6901508697867393
step 28000 (dev):   3.933110799074173
step 29000 (train): 0.6662524845153094
step 29000 (dev):   3.9008994182944297
step 30000 (train): 0.6378505972325802
step 30000 (dev):   3.9978986304998396
step 31000 (train): 0.6331561339050531
step 31000 (dev):   4.0770729585886
step 32000 (train): 0.5799633686244487
step 32000 (dev):   3.9391890422701836
step 33000 (train): 0.5591127489060164
step 33000 (dev):   4.028569864988327
step 34000 (train): 0.5487991837412118
step 34000 (dev):   4.009524586975575
step 35000 (train): 0.5344113109260797
step 35000 (dev):   4.063839851737022
step 36000 (train): 0.5098035220503807
step 36000 (dev):   4.1462956595420835
step 37000 (train): 0.4966655688136816
step 37000 (dev):   4.092501525640488
step 38000 (train): 0.48363154476881026
step 38000 (dev):   4.179071177959442
step 39000 (train): 0.457092444524169
step 39000 (dev):   4.2102334196567535
step 40000 (train): 0.4429269993007183
step 40000 (dev):   4.21137674921751
step 41000 (train): 0.42343558321148156
step 41000 (dev):   4.106993938922882
step 42000 (train): 0.42653442806750536
step 42000 (dev):   4.135122919917107
step 43000 (train): 0.4042234033495188
step 43000 (dev):   4.173117443799972
step 44000 (train): 0.3954642464593053
step 44000 (dev):   4.230899656295777
Saving new best model!
step 45000 (train): 0.3785945208445191
step 45000 (dev):   4.240410622000694
step 46000 (train): 0.3639837877526879
step 46000 (dev):   4.4130533281564714
step 47000 (train): 0.3585191731005907
step 47000 (dev):   4.35128335750103
step 48000 (train): 0.3523534443154931
step 48000 (dev):   4.355215862512589
step 49000 (train): 0.3414289001449943
step 49000 (dev):   4.314923322796822
step 50000 (train): 0.33921912930160764
step 50000 (dev):   4.229674582242966
step 51000 (train): 0.31671389286220075
step 51000 (dev):   4.43573088991642
step 52000 (train): 0.31394694443792104
step 52000 (dev):   4.447189194560051
step 53000 (train): 0.3109029126241803
step 53000 (dev):   4.388944598376751
step 54000 (train): 0.3030778165757656
step 54000 (dev):   4.243365765094757
step 55000 (train): 0.2914827577397227
step 55000 (dev):   4.325172791838646
step 56000 (train): 0.2845784495845437
step 56000 (dev):   4.312979933202267
step 57000 (train): 0.2762608588449657
step 57000 (dev):   4.37037784063816
step 58000 (train): 0.2714090028628707
step 58000 (dev):   4.448050853669644
step 59000 (train): 0.264865206874907
step 59000 (dev):   4.572582089900971
